<?xml version="1.0" encoding="UTF-8"?>
<!-- Generated by org.testng.reporters.JUnitReportReporter -->
<testsuite hostname="DESKTOP-Q4MNHV0" failures="0" tests="1" name="week1.day1.TwoSum" time="0.010" errors="0" timestamp="2025-04-09T10:01:17 NZST" skipped="0">
  <testcase classname="week1.day1.TwoSum" name="TestOne" time="0.010"/>
</testsuite> <!-- week1.day1.TwoSum -->
