<?xml version="1.0" encoding="UTF-8"?>
<!-- Generated by org.testng.reporters.JUnitReportReporter -->
<testsuite hostname="DESKTOP-Q4MNHV0" failures="0" tests="2" name="week1.day1.ArrayLearning" time="0.009" errors="0" timestamp="2025-04-09T09:28:59 NZST" skipped="0">
  <testcase classname="week1.day1.ArrayLearning" name="Testtwo" time="0.001"/>
  <testcase classname="week1.day1.ArrayLearning" name="TestOne" time="0.008"/>
</testsuite> <!-- week1.day1.ArrayLearning -->
